<?xml version="1.0" encoding="UTF-8"?>
<!-- Generated by org.testng.reporters.JUnitReportReporter -->
<testsuite hostname="E0273821" name="com.vodafone.securefamily.tests.CCScript1" tests="1" failures="0" timestamp="9 May 2016 16:34:54 GMT" time="5.910" errors="0">
  <testcase name="CcustomerCareLogin" time="5.910" classname="com.vodafone.securefamily.tests.CCScript1"/>
</testsuite> <!-- com.vodafone.securefamily.tests.CCScript1 -->
